-------------------------------------------------------------------------------
Test set: ec.edu.espe.granjapiscicola.RunCucumberTest
-------------------------------------------------------------------------------
Tests run: 14, Failures: 9, Errors: 0, Skipped: 0, Time elapsed: 73.986 s <<< FAILURE! - in ec.edu.espe.granjapiscicola.RunCucumberTest
Cotizar productos.Validar que se pueda ingresar los productos correctamente a la lista #2  Time elapsed: 2.476 s  <<< FAILURE!
java.lang.AssertionError: No se encontró el botón con el texto: Otro

Cotizar productos enviar.Validar que se pueda enviar la cotizacion #2  Time elapsed: 6.236 s  <<< FAILURE!
java.lang.AssertionError: Nombre no válido.

Cotizar productos enviar.Validar que se pueda enviar la cotizacion #3  Time elapsed: 6.127 s  <<< FAILURE!
java.lang.AssertionError: Correo electrónico no válido.

Cotizar productos enviar.Validar que se pueda enviar la cotizacion #4  Time elapsed: 2.321 s  <<< FAILURE!
java.lang.AssertionError: No se encontró el botón con el texto: otro

Mostrar Galeria de Productos.Verificar que el modal muestra correctamente una imagen #2  Time elapsed: 4.751 s  <<< FAILURE!
java.lang.AssertionError: El modal no muestra una imagen válida.

Mostrar Información General.Validar que se ingrese correctamente a la pagina web #2  Time elapsed: 8.333 s  <<< FAILURE!
java.lang.AssertionError: Pagina no válida.

Comunicarse con el vendedor.Validar que se pueda ingresar los productos correctamente a la lista  Time elapsed: 3.583 s  <<< FAILURE!
java.lang.AssertionError: Nombre no válido.

Comunicarse con el vendedor.Validar que se pueda ingresar datos como correo electronico y comentarios #2  Time elapsed: 4.599 s  <<< FAILURE!
java.lang.AssertionError: Correo electrónico no válido.

Comunicarse con el vendedor.Validar que se pueda ingresar datos como correo electronico y comentarios #3  Time elapsed: 2.98 s  <<< FAILURE!
java.lang.AssertionError: Correo electrónico no válido.

