<?xml version="1.0" encoding="UTF-8"?>
<testsuite xmlns:xsi="http://www.w3.org/2001/XMLSchema-instance" xsi:noNamespaceSchemaLocation="https://maven.apache.org/surefire/maven-surefire-plugin/xsd/surefire-test-report-3.0.xsd" version="3.0" name="ec.edu.espe.granjapiscicola.RunCucumberTest" time="73.986" tests="14" errors="0" skipped="0" failures="9">
  <properties>
[...]
</properties>
  <testcase name="Validar que se pueda ingresar los productos correctamente a la lista #1" classname="Cotizar productos" time="4.357">
    <system-out><![CDATA[
Scenario Outline: Validar que se pueda ingresar los productos correctamente a la lista &amp#27;[90m# src/test/resources/features/Cotizacion.feature:13&amp#27;[0m
  &amp#27;[32mGiven &amp#27;[0m&amp#27;[32mQuiero cotizar productos&amp#27;[0m                                                       &amp#27;[90m# ec.edu.espe.granjapiscicola.CotizacionStepDefinition.quiero_cotizar_productos()&amp#27;[0m
  &amp#27;[32mWhen &amp#27;[0m&amp#27;[32mDoy click en el bot1 &amp#27;[0m&amp#27;[32m&amp#27;[1m"COTIZAR"&amp#27;[0m                                                  &amp#27;[90m# ec.edu.espe.granjapiscicola.CotizacionStepDefinition.doy_click_en_el_bot1(java.lang.String)&amp#27;[0m
  &amp#27;[32mThen &amp#27;[0m&amp#27;[32mSe debe validar que los productos se ingresen correctamente en la lista&amp#27;[0m         &amp#27;[90m# ec.edu.espe.granjapiscicola.CotizacionStepDefinition.se_debe_validar_que_los_productos_se_ingresen_correctamente_en_la_lista()&amp#27;[0m
]]></system-out>
    <system-err><![CDATA[ago. 16, 2024 5:07:59 A. M. io.cucumber.core.options.CucumberPropertiesParser lambda$warnWhenCucumberOptionsIsUsed$2
WARNING: Passing commandline options via the property 'cucumber.options' is no longer supported. Please use individual properties instead. See the java doc on io.cucumber.core.options.Constants for details.
]]></system-err>
  </testcase>
  <testcase name="Validar que se pueda ingresar los productos correctamente a la lista #2" classname="Cotizar productos" time="2.476">
    <failure message="No se encontró el botón con el texto: Otro" type="java.lang.AssertionError"><![CDATA[java.lang.AssertionError: No se encontró el botón con el texto: Otro
]]></failure>
    <system-out><![CDATA[
Scenario Outline: Validar que se pueda ingresar los productos correctamente a la lista &amp#27;[90m# src/test/resources/features/Cotizacion.feature:22&amp#27;[0m
  &amp#27;[32mGiven &amp#27;[0m&amp#27;[32mQuiero cotizar productos&amp#27;[0m                                                       &amp#27;[90m# ec.edu.espe.granjapiscicola.CotizacionStepDefinition.quiero_cotizar_productos()&amp#27;[0m
  &amp#27;[31mWhen &amp#27;[0m&amp#27;[31mDoy click en el bot1 &amp#27;[0m&amp#27;[31m&amp#27;[1m"Otro"&amp#27;[0m                                                     &amp#27;[90m# ec.edu.espe.granjapiscicola.CotizacionStepDefinition.doy_click_en_el_bot1(java.lang.String)&amp#27;[0m
      &amp#27;[31mjava.lang.AssertionError: No se encontrÃ³ el botÃ³n con el texto: Otro
	at org.junit.Assert.fail(Assert.java:88)
	at ec.edu.espe.granjapiscicola.CotizacionStepDefinition.doy_click_en_el_bot1(CotizacionStepDefinition.java:70)
	at âœ½.Doy click en el bot1 "Otro"(file:///C:/Users/noobp/OneDrive/Escritorio/Proyecto1/14569_G4_IRSW/Documentacion1/13_GranjaPiscicolaTest/src/test/resources/features/Cotizacion.feature:17)
&amp#27;[0m
  &amp#27;[36mThen &amp#27;[0m&amp#27;[36mSe debe validar que los productos se ingresen correctamente en la lista&amp#27;[0m         &amp#27;[90m# ec.edu.espe.granjapiscicola.CotizacionStepDefinition.se_debe_validar_que_los_productos_se_ingresen_correctamente_en_la_lista()&amp#27;[0m
]]></system-out>
  </testcase>
  <testcase name="Validar que se pueda enviar la cotizacion #1" classname="Cotizar productos enviar" time="12.364">
    <system-out><![CDATA[
Scenario Outline: Validar que se pueda enviar la cotizacion                                                     &amp#27;[90m# src/test/resources/features/CotizacionAceptar.feature:13&amp#27;[0m
  &amp#27;[32mGiven &amp#27;[0m&amp#27;[32mQuiero enviar la cotizacion&amp#27;[0m                                                                             &amp#27;[90m# ec.edu.espe.granjapiscicola.CotizacionAceptarStepDefinition.quiero_enviar_la_cotizacion()&amp#27;[0m
  &amp#27;[32mWhen &amp#27;[0m&amp#27;[32mDoy click en el bot2 &amp#27;[0m&amp#27;[32m&amp#27;[1m"COTIZAR"&amp#27;[0m&amp#27;[32m se envian los datos nombre &amp#27;[0m&amp#27;[32m&amp#27;[1m"Fernando Tipan"&amp#27;[0m&amp#27;[32m y correo &amp#27;[0m&amp#27;[32m&amp#27;[1m"frtipan1@gmail.com"&amp#27;[0m &amp#27;[90m# ec.edu.espe.granjapiscicola.CotizacionAceptarStepDefinition.doy_click_en_el_bot2_se_envian_los_datos_nombre_y_correo(java.lang.String,java.lang.String,java.lang.String)&amp#27;[0m
  &amp#27;[32mThen &amp#27;[0m&amp#27;[32mSe debe validar que los productos y datos se envien correctamente de la lista&amp#27;[0m                            &amp#27;[90m# ec.edu.espe.granjapiscicola.CotizacionAceptarStepDefinition.se_debe_validar_que_los_productos_y_datos_se_envien_correctamente_de_la_lista()&amp#27;[0m
]]></system-out>
  </testcase>
  <testcase name="Validar que se pueda enviar la cotizacion #2" classname="Cotizar productos enviar" time="6.236">
    <failure message="Nombre no válido." type="java.lang.AssertionError"><![CDATA[java.lang.AssertionError: Nombre no válido.
]]></failure>
    <system-out><![CDATA[
Scenario Outline: Validar que se pueda enviar la cotizacion                                                        &amp#27;[90m# src/test/resources/features/CotizacionAceptar.feature:22&amp#27;[0m
  &amp#27;[32mGiven &amp#27;[0m&amp#27;[32mQuiero enviar la cotizacion&amp#27;[0m                                                                                &amp#27;[90m# ec.edu.espe.granjapiscicola.CotizacionAceptarStepDefinition.quiero_enviar_la_cotizacion()&amp#27;[0m
  &amp#27;[32mWhen &amp#27;[0m&amp#27;[32mDoy click en el bot2 &amp#27;[0m&amp#27;[32m&amp#27;[1m"COTIZAR"&amp#27;[0m&amp#27;[32m se envian los datos nombre &amp#27;[0m&amp#27;[32m&amp#27;[1m"Fernando Tipan123"&amp#27;[0m&amp#27;[32m y correo &amp#27;[0m&amp#27;[32m&amp#27;[1m"frtipan1@gmail.com"&amp#27;[0m &amp#27;[90m# ec.edu.espe.granjapiscicola.CotizacionAceptarStepDefinition.doy_click_en_el_bot2_se_envian_los_datos_nombre_y_correo(java.lang.String,java.lang.String,java.lang.String)&amp#27;[0m
  &amp#27;[31mThen &amp#27;[0m&amp#27;[31mSe debe validar que los productos y datos se envien correctamente de la lista&amp#27;[0m                               &amp#27;[90m# ec.edu.espe.granjapiscicola.CotizacionAceptarStepDefinition.se_debe_validar_que_los_productos_y_datos_se_envien_correctamente_de_la_lista()&amp#27;[0m
      &amp#27;[31mjava.lang.AssertionError: Nombre no vÃ¡lido.
	at org.junit.Assert.fail(Assert.java:88)
	at ec.edu.espe.granjapiscicola.CotizacionAceptarStepDefinition.se_debe_validar_que_los_productos_y_datos_se_envien_correctamente_de_la_lista(CotizacionAceptarStepDefinition.java:139)
	at âœ½.Se debe validar que los productos y datos se envien correctamente de la lista(file:///C:/Users/noobp/OneDrive/Escritorio/Proyecto1/14569_G4_IRSW/Documentacion1/13_GranjaPiscicolaTest/src/test/resources/features/CotizacionAceptar.feature:18)
&amp#27;[0m
]]></system-out>
  </testcase>
  <testcase name="Validar que se pueda enviar la cotizacion #3" classname="Cotizar productos enviar" time="6.127">
    <failure message="Correo electrónico no válido." type="java.lang.AssertionError"><![CDATA[java.lang.AssertionError: Correo electrónico no válido.
]]></failure>
    <system-out><![CDATA[
Scenario Outline: Validar que se pueda enviar la cotizacion                                                      &amp#27;[90m# src/test/resources/features/CotizacionAceptar.feature:31&amp#27;[0m
  &amp#27;[32mGiven &amp#27;[0m&amp#27;[32mQuiero enviar la cotizacion&amp#27;[0m                                                                              &amp#27;[90m# ec.edu.espe.granjapiscicola.CotizacionAceptarStepDefinition.quiero_enviar_la_cotizacion()&amp#27;[0m
  &amp#27;[32mWhen &amp#27;[0m&amp#27;[32mDoy click en el bot2 &amp#27;[0m&amp#27;[32m&amp#27;[1m"COTIZAR"&amp#27;[0m&amp#27;[32m se envian los datos nombre &amp#27;[0m&amp#27;[32m&amp#27;[1m"Fernando Tipan"&amp#27;[0m&amp#27;[32m y correo &amp#27;[0m&amp#27;[32m&amp#27;[1m"frtipan1@gmail.pret"&amp#27;[0m &amp#27;[90m# ec.edu.espe.granjapiscicola.CotizacionAceptarStepDefinition.doy_click_en_el_bot2_se_envian_los_datos_nombre_y_correo(java.lang.String,java.lang.String,java.lang.String)&amp#27;[0m
  &amp#27;[31mThen &amp#27;[0m&amp#27;[31mSe debe validar que los productos y datos se envien correctamente de la lista&amp#27;[0m                             &amp#27;[90m# ec.edu.espe.granjapiscicola.CotizacionAceptarStepDefinition.se_debe_validar_que_los_productos_y_datos_se_envien_correctamente_de_la_lista()&amp#27;[0m
      &amp#27;[31mjava.lang.AssertionError: Correo electrÃ³nico no vÃ¡lido.
	at org.junit.Assert.fail(Assert.java:88)
	at ec.edu.espe.granjapiscicola.CotizacionAceptarStepDefinition.se_debe_validar_que_los_productos_y_datos_se_envien_correctamente_de_la_lista(CotizacionAceptarStepDefinition.java:125)
	at âœ½.Se debe validar que los productos y datos se envien correctamente de la lista(file:///C:/Users/noobp/OneDrive/Escritorio/Proyecto1/14569_G4_IRSW/Documentacion1/13_GranjaPiscicolaTest/src/test/resources/features/CotizacionAceptar.feature:27)
&amp#27;[0m
]]></system-out>
  </testcase>
  <testcase name="Validar que se pueda enviar la cotizacion #4" classname="Cotizar productos enviar" time="2.321">
    <failure message="No se encontró el botón con el texto: otro" type="java.lang.AssertionError"><![CDATA[java.lang.AssertionError: No se encontró el botón con el texto: otro
]]></failure>
    <system-out><![CDATA[
Scenario Outline: Validar que se pueda enviar la cotizacion                                                  &amp#27;[90m# src/test/resources/features/CotizacionAceptar.feature:40&amp#27;[0m
  &amp#27;[32mGiven &amp#27;[0m&amp#27;[32mQuiero enviar la cotizacion&amp#27;[0m                                                                          &amp#27;[90m# ec.edu.espe.granjapiscicola.CotizacionAceptarStepDefinition.quiero_enviar_la_cotizacion()&amp#27;[0m
  &amp#27;[31mWhen &amp#27;[0m&amp#27;[31mDoy click en el bot2 &amp#27;[0m&amp#27;[31m&amp#27;[1m"otro"&amp#27;[0m&amp#27;[31m se envian los datos nombre &amp#27;[0m&amp#27;[31m&amp#27;[1m"Fernando Tipan"&amp#27;[0m&amp#27;[31m y correo &amp#27;[0m&amp#27;[31m&amp#27;[1m"frtipan1@gmail.com"&amp#27;[0m &amp#27;[90m# ec.edu.espe.granjapiscicola.CotizacionAceptarStepDefinition.doy_click_en_el_bot2_se_envian_los_datos_nombre_y_correo(java.lang.String,java.lang.String,java.lang.String)&amp#27;[0m
      &amp#27;[31mjava.lang.AssertionError: No se encontrÃ³ el botÃ³n con el texto: otro
	at org.junit.Assert.fail(Assert.java:88)
	at ec.edu.espe.granjapiscicola.CotizacionAceptarStepDefinition.doy_click_en_el_bot2_se_envian_los_datos_nombre_y_correo(CotizacionAceptarStepDefinition.java:80)
	at âœ½.Doy click en el bot2 "otro" se envian los datos nombre "Fernando Tipan" y correo "frtipan1@gmail.com"(file:///C:/Users/noobp/OneDrive/Escritorio/Proyecto1/14569_G4_IRSW/Documentacion1/13_GranjaPiscicolaTest/src/test/resources/features/CotizacionAceptar.feature:35)
&amp#27;[0m
  &amp#27;[36mThen &amp#27;[0m&amp#27;[36mSe debe validar que los productos y datos se envien correctamente de la lista&amp#27;[0m                         &amp#27;[90m# ec.edu.espe.granjapiscicola.CotizacionAceptarStepDefinition.se_debe_validar_que_los_productos_y_datos_se_envien_correctamente_de_la_lista()&amp#27;[0m
]]></system-out>
  </testcase>
  <testcase name="Verificar que el modal muestra correctamente una imagen #1" classname="Mostrar Galeria de Productos" time="4.056">
    <system-out><![CDATA[
Scenario Outline: Verificar que el modal muestra correctamente una imagen &amp#27;[90m# src/test/resources/features/GaleriaPP.feature:12&amp#27;[0m
  &amp#27;[32mGiven &amp#27;[0m&amp#27;[32mQuiero verificar la galeria de procesos&amp#27;[0m                           &amp#27;[90m# ec.edu.espe.granjapiscicola.GaleriaPPStepDefinition.quiero_verificar_la_galeria_de_procesos()&amp#27;[0m
  &amp#27;[32mWhen &amp#27;[0m&amp#27;[32mSelecciono una imagen o video de la galeria &amp#27;[0m&amp#27;[32m&amp#27;[1m"1"&amp#27;[0m                    &amp#27;[90m# ec.edu.espe.granjapiscicola.GaleriaPPStepDefinition.selecciono_una_imagen_o_video_de_la_galeria(java.lang.String)&amp#27;[0m
  &amp#27;[32mThen &amp#27;[0m&amp#27;[32mEl modal deberia mostrar la imagen o video correctamente&amp#27;[0m           &amp#27;[90m# ec.edu.espe.granjapiscicola.GaleriaPPStepDefinition.el_modal_deberia_mostrar_la_imagen_o_video_correctamente()&amp#27;[0m
]]></system-out>
  </testcase>
  <testcase name="Verificar que el modal muestra correctamente una imagen #2" classname="Mostrar Galeria de Productos" time="4.751">
    <failure message="El modal no muestra una imagen válida." type="java.lang.AssertionError"><![CDATA[java.lang.AssertionError: El modal no muestra una imagen válida.
]]></failure>
    <system-out><![CDATA[
Scenario Outline: Verificar que el modal muestra correctamente una imagen &amp#27;[90m# src/test/resources/features/GaleriaPP.feature:20&amp#27;[0m
  &amp#27;[32mGiven &amp#27;[0m&amp#27;[32mQuiero verificar la galeria de procesos&amp#27;[0m                           &amp#27;[90m# ec.edu.espe.granjapiscicola.GaleriaPPStepDefinition.quiero_verificar_la_galeria_de_procesos()&amp#27;[0m
  &amp#27;[32mWhen &amp#27;[0m&amp#27;[32mSelecciono una imagen o video de la galeria &amp#27;[0m&amp#27;[32m&amp#27;[1m"2"&amp#27;[0m                    &amp#27;[90m# ec.edu.espe.granjapiscicola.GaleriaPPStepDefinition.selecciono_una_imagen_o_video_de_la_galeria(java.lang.String)&amp#27;[0m
  &amp#27;[31mThen &amp#27;[0m&amp#27;[31mEl modal deberia mostrar la imagen o video correctamente&amp#27;[0m           &amp#27;[90m# ec.edu.espe.granjapiscicola.GaleriaPPStepDefinition.el_modal_deberia_mostrar_la_imagen_o_video_correctamente()&amp#27;[0m
      &amp#27;[31mjava.lang.AssertionError: El modal no muestra una imagen vÃ¡lida.
	at org.junit.Assert.fail(Assert.java:88)
	at ec.edu.espe.granjapiscicola.GaleriaPPStepDefinition.el_modal_deberia_mostrar_la_imagen_o_video_correctamente(GaleriaPPStepDefinition.java:71)
	at âœ½.El modal deberia mostrar la imagen o video correctamente(file:///C:/Users/noobp/OneDrive/Escritorio/Proyecto1/14569_G4_IRSW/Documentacion1/13_GranjaPiscicolaTest/src/test/resources/features/GaleriaPP.feature:17)
&amp#27;[0m
]]></system-out>
  </testcase>
  <testcase name="Validar que se ingrese correctamente a la pagina web #1" classname="Mostrar Información General" time="3.283">
    <system-out><![CDATA[
Scenario Outline: Validar que se ingrese correctamente a la pagina web                                                                                       &amp#27;[90m# src/test/resources/features/InformacionGeneral.feature:13&amp#27;[0m
  &amp#27;[32mGiven &amp#27;[0m&amp#27;[32mQuiero visualizar informacion&amp#27;[0m                                                                                                                        &amp#27;[90m# ec.edu.espe.granjapiscicola.InformacionGeneralStepDefinition.quiero_visualizar_informacion()&amp#27;[0m
  &amp#27;[32mWhen &amp#27;[0m&amp#27;[32mIngreso a la pagina web &amp#27;[0m&amp#27;[32m&amp#27;[1m"file:///C:/Users/noobp/OneDrive/Escritorio/Requisitos%20(2)/Requisitos/Pagina_Inicial.html"&amp#27;[0m&amp#27;[32m visualizo la informacion inicial&amp#27;[0m &amp#27;[90m# ec.edu.espe.granjapiscicola.InformacionGeneralStepDefinition.ingreso_a_la_pagina_web_visualizo_la_informacion_inicial(java.lang.String)&amp#27;[0m
  &amp#27;[32mThen &amp#27;[0m&amp#27;[32mSe debe validar que se ingrese correctamente a la pagina web&amp#27;[0m                                                                                          &amp#27;[90m# ec.edu.espe.granjapiscicola.InformacionGeneralStepDefinition.se_debe_validar_que_se_ingrese_correctamente_a_la_pagina_web()&amp#27;[0m
]]></system-out>
  </testcase>
  <testcase name="Validar que se ingrese correctamente a la pagina web #2" classname="Mostrar Información General" time="8.333">
    <failure message="Pagina no válida." type="java.lang.AssertionError"><![CDATA[java.lang.AssertionError: Pagina no válida.
]]></failure>
    <system-out><![CDATA[
Scenario Outline: Validar que se ingrese correctamente a la pagina web                 &amp#27;[90m# src/test/resources/features/InformacionGeneral.feature:22&amp#27;[0m
  &amp#27;[32mGiven &amp#27;[0m&amp#27;[32mQuiero visualizar informacion&amp#27;[0m                                                  &amp#27;[90m# ec.edu.espe.granjapiscicola.InformacionGeneralStepDefinition.quiero_visualizar_informacion()&amp#27;[0m
  &amp#27;[32mWhen &amp#27;[0m&amp#27;[32mIngreso a la pagina web &amp#27;[0m&amp#27;[32m&amp#27;[1m"https://youtube.com/"&amp#27;[0m&amp#27;[32m visualizo la informacion inicial&amp#27;[0m &amp#27;[90m# ec.edu.espe.granjapiscicola.InformacionGeneralStepDefinition.ingreso_a_la_pagina_web_visualizo_la_informacion_inicial(java.lang.String)&amp#27;[0m
  &amp#27;[31mThen &amp#27;[0m&amp#27;[31mSe debe validar que se ingrese correctamente a la pagina web&amp#27;[0m                    &amp#27;[90m# ec.edu.espe.granjapiscicola.InformacionGeneralStepDefinition.se_debe_validar_que_se_ingrese_correctamente_a_la_pagina_web()&amp#27;[0m
      &amp#27;[31mjava.lang.AssertionError: Pagina no vÃ¡lida.
	at org.junit.Assert.fail(Assert.java:88)
	at ec.edu.espe.granjapiscicola.InformacionGeneralStepDefinition.se_debe_validar_que_se_ingrese_correctamente_a_la_pagina_web(InformacionGeneralStepDefinition.java:56)
	at âœ½.Se debe validar que se ingrese correctamente a la pagina web(file:///C:/Users/noobp/OneDrive/Escritorio/Proyecto1/14569_G4_IRSW/Documentacion1/13_GranjaPiscicolaTest/src/test/resources/features/InformacionGeneral.feature:18)
&amp#27;[0m
]]></system-out>
  </testcase>
  <testcase name="Validar que se pueda ingresar los productos correctamente a la lista" classname="Comunicarse con el vendedor" time="3.583">
    <failure message="Nombre no válido." type="java.lang.AssertionError"><![CDATA[java.lang.AssertionError: Nombre no válido.
]]></failure>
    <system-out><![CDATA[
Scenario Outline: Validar que se pueda ingresar los productos correctamente a la lista                          &amp#27;[90m# src/test/resources/features/Login.feature:14&amp#27;[0m
  &amp#27;[32mGiven &amp#27;[0m&amp#27;[32mQuiero comunicarme con el vendedor&amp#27;[0m                                                                      &amp#27;[90m# ec.edu.espe.granjapiscicola.LoginStepDefinition.quiero_comunicarme_con_el_vendedor()&amp#27;[0m
  &amp#27;[32mWhen &amp#27;[0m&amp#27;[32mIngreso el nombre &amp#27;[0m&amp#27;[32m&amp#27;[1m"Fernando Tipan843"&amp#27;[0m&amp#27;[32m el correo &amp#27;[0m&amp#27;[32m&amp#27;[1m"frtipan1@gmail.com"&amp#27;[0m&amp#27;[32m y el comentario &amp#27;[0m&amp#27;[32m&amp#27;[1m"Deseo informaciÃ³n"&amp#27;[0m &amp#27;[90m# ec.edu.espe.granjapiscicola.LoginStepDefinition.ingreso_el_nombre_el_correo_y_el_comentario(java.lang.String,java.lang.String,java.lang.String)&amp#27;[0m
  &amp#27;[31mThen &amp#27;[0m&amp#27;[31mSe debe validar que el correcto y el nombre sean correctos&amp#27;[0m                                               &amp#27;[90m# ec.edu.espe.granjapiscicola.LoginStepDefinition.se_debe_validar_que_el_correcto_y_el_nombre_sean_correctos()&amp#27;[0m
      &amp#27;[31mjava.lang.AssertionError: Nombre no vÃ¡lido.
	at org.junit.Assert.fail(Assert.java:88)
	at ec.edu.espe.granjapiscicola.LoginStepDefinition.se_debe_validar_que_el_correcto_y_el_nombre_sean_correctos(LoginStepDefinition.java:70)
	at âœ½.Se debe validar que el correcto y el nombre sean correctos(file:///C:/Users/noobp/OneDrive/Escritorio/Proyecto1/14569_G4_IRSW/Documentacion1/13_GranjaPiscicolaTest/src/test/resources/features/Login.feature:10)
&amp#27;[0m
]]></system-out>
  </testcase>
  <testcase name="Validar que se pueda ingresar datos como correo electronico y comentarios #1" classname="Comunicarse con el vendedor" time="7.898">
    <system-out><![CDATA[
Scenario Outline: Validar que se pueda ingresar datos como correo electronico y comentarios                       &amp#27;[90m# src/test/resources/features/Login.feature:23&amp#27;[0m
  &amp#27;[32mGiven &amp#27;[0m&amp#27;[32mQuiero comunicarme con el vendedor&amp#27;[0m                                                                        &amp#27;[90m# ec.edu.espe.granjapiscicola.LoginStepDefinition.quiero_comunicarme_con_el_vendedor()&amp#27;[0m
  &amp#27;[32mWhen &amp#27;[0m&amp#27;[32mIngreso el nombre &amp#27;[0m&amp#27;[32m&amp#27;[1m"Jonathan Garcia"&amp#27;[0m&amp#27;[32m el correo &amp#27;[0m&amp#27;[32m&amp#27;[1m"jdgarcia15@hotmail.com"&amp#27;[0m&amp#27;[32m y el comentario &amp#27;[0m&amp#27;[32m&amp#27;[1m"Deseo informaciÃ³n"&amp#27;[0m &amp#27;[90m# ec.edu.espe.granjapiscicola.LoginStepDefinition.ingreso_el_nombre_el_correo_y_el_comentario(java.lang.String,java.lang.String,java.lang.String)&amp#27;[0m
  &amp#27;[32mThen &amp#27;[0m&amp#27;[32mSe debe validar que el correcto y el nombre sean correctos&amp#27;[0m                                                 &amp#27;[90m# ec.edu.espe.granjapiscicola.LoginStepDefinition.se_debe_validar_que_el_correcto_y_el_nombre_sean_correctos()&amp#27;[0m
]]></system-out>
  </testcase>
  <testcase name="Validar que se pueda ingresar datos como correo electronico y comentarios #2" classname="Comunicarse con el vendedor" time="4.599">
    <failure message="Correo electrónico no válido." type="java.lang.AssertionError"><![CDATA[java.lang.AssertionError: Correo electrónico no válido.
]]></failure>
    <system-out><![CDATA[
Scenario Outline: Validar que se pueda ingresar datos como correo electronico y comentarios                 &amp#27;[90m# src/test/resources/features/Login.feature:32&amp#27;[0m
  &amp#27;[32mGiven &amp#27;[0m&amp#27;[32mQuiero comunicarme con el vendedor&amp#27;[0m                                                                  &amp#27;[90m# ec.edu.espe.granjapiscicola.LoginStepDefinition.quiero_comunicarme_con_el_vendedor()&amp#27;[0m
  &amp#27;[32mWhen &amp#27;[0m&amp#27;[32mIngreso el nombre &amp#27;[0m&amp#27;[32m&amp#27;[1m"John Limones"&amp#27;[0m&amp#27;[32m el correo &amp#27;[0m&amp#27;[32m&amp#27;[1m"jjlimones@espe.crud"&amp#27;[0m&amp#27;[32m y el comentario &amp#27;[0m&amp#27;[32m&amp#27;[1m"Deseo informaciÃ³n"&amp#27;[0m &amp#27;[90m# ec.edu.espe.granjapiscicola.LoginStepDefinition.ingreso_el_nombre_el_correo_y_el_comentario(java.lang.String,java.lang.String,java.lang.String)&amp#27;[0m
  &amp#27;[31mThen &amp#27;[0m&amp#27;[31mSe debe validar que el correcto y el nombre sean correctos&amp#27;[0m                                           &amp#27;[90m# ec.edu.espe.granjapiscicola.LoginStepDefinition.se_debe_validar_que_el_correcto_y_el_nombre_sean_correctos()&amp#27;[0m
      &amp#27;[31mjava.lang.AssertionError: Correo electrÃ³nico no vÃ¡lido.
	at org.junit.Assert.fail(Assert.java:88)
	at ec.edu.espe.granjapiscicola.LoginStepDefinition.se_debe_validar_que_el_correcto_y_el_nombre_sean_correctos(LoginStepDefinition.java:61)
	at âœ½.Se debe validar que el correcto y el nombre sean correctos(file:///C:/Users/noobp/OneDrive/Escritorio/Proyecto1/14569_G4_IRSW/Documentacion1/13_GranjaPiscicolaTest/src/test/resources/features/Login.feature:28)
&amp#27;[0m
]]></system-out>
  </testcase>
  <testcase name="Validar que se pueda ingresar datos como correo electronico y comentarios #3" classname="Comunicarse con el vendedor" time="2.98">
    <failure message="Correo electrónico no válido." type="java.lang.AssertionError"><![CDATA[java.lang.AssertionError: Correo electrónico no válido.
]]></failure>
    <system-out><![CDATA[
Scenario Outline: Validar que se pueda ingresar datos como correo electronico y comentarios &amp#27;[90m# src/test/resources/features/Login.feature:33&amp#27;[0m
  &amp#27;[32mGiven &amp#27;[0m&amp#27;[32mQuiero comunicarme con el vendedor&amp#27;[0m                                                  &amp#27;[90m# ec.edu.espe.granjapiscicola.LoginStepDefinition.quiero_comunicarme_con_el_vendedor()&amp#27;[0m
  &amp#27;[32mWhen &amp#27;[0m&amp#27;[32mIngreso el nombre &amp#27;[0m&amp#27;[32m&amp#27;[1m""&amp#27;[0m&amp#27;[32m el correo &amp#27;[0m&amp#27;[32m&amp#27;[1m""&amp#27;[0m&amp#27;[32m y el comentario &amp#27;[0m&amp#27;[32m&amp#27;[1m""&amp#27;[0m                                 &amp#27;[90m# ec.edu.espe.granjapiscicola.LoginStepDefinition.ingreso_el_nombre_el_correo_y_el_comentario(java.lang.String,java.lang.String,java.lang.String)&amp#27;[0m
  &amp#27;[31mThen &amp#27;[0m&amp#27;[31mSe debe validar que el correcto y el nombre sean correctos&amp#27;[0m                           &amp#27;[90m# ec.edu.espe.granjapiscicola.LoginStepDefinition.se_debe_validar_que_el_correcto_y_el_nombre_sean_correctos()&amp#27;[0m
      &amp#27;[31mjava.lang.AssertionError: Correo electrÃ³nico no vÃ¡lido.
	at org.junit.Assert.fail(Assert.java:88)
	at ec.edu.espe.granjapiscicola.LoginStepDefinition.se_debe_validar_que_el_correcto_y_el_nombre_sean_correctos(LoginStepDefinition.java:61)
	at âœ½.Se debe validar que el correcto y el nombre sean correctos(file:///C:/Users/noobp/OneDrive/Escritorio/Proyecto1/14569_G4_IRSW/Documentacion1/13_GranjaPiscicolaTest/src/test/resources/features/Login.feature:28)
&amp#27;[0m
]]></system-out>
  </testcase>
</testsuite>