<?xml version="1.0" encoding="UTF-8"?>
<testsuite xmlns:xsi="http://www.w3.org/2001/XMLSchema-instance" xsi:noNamespaceSchemaLocation="https://maven.apache.org/surefire/maven-surefire-plugin/xsd/surefire-test-report-3.0.xsd" version="3.0" name="ec.edu.espe.granjapiscicola.RunCucumberTest" time="38.056" tests="6" errors="0" skipped="0" failures="2">
  <properties>
[...]
</properties>
  <testcase name="Verificar que el modal muestra correctamente una imagen" classname="Mostrar Galeria de Productos" time="7.571">
    <system-out><![CDATA[
Scenario: Verificar que el modal muestra correctamente una imagen &amp#27;[90m# src/test/resources/features/GaleriaPP.feature:6&amp#27;[0m
  &amp#27;[32mGiven &amp#27;[0m&amp#27;[32mQuiero verificar la galeria de procesos&amp#27;[0m                   &amp#27;[90m# ec.edu.espe.granjapiscicola.GaleriaPPStepDefinition.quiero_verificar_la_galeria_de_procesos()&amp#27;[0m
  &amp#27;[32mWhen &amp#27;[0m&amp#27;[32mSelecciono una imagen o video de la galeria&amp#27;[0m                &amp#27;[90m# ec.edu.espe.granjapiscicola.GaleriaPPStepDefinition.selecciono_una_imagen_o_video_de_la_galeria()&amp#27;[0m
  &amp#27;[32mThen &amp#27;[0m&amp#27;[32mEl modal deberia mostrar la imagen o video correctamente&amp#27;[0m   &amp#27;[90m# ec.edu.espe.granjapiscicola.GaleriaPPStepDefinition.el_modal_deberia_mostrar_la_imagen_o_video_correctamente()&amp#27;[0m
]]></system-out>
    <system-err><![CDATA[ago. 08, 2024 5:19:12 P. M. io.cucumber.core.options.CucumberPropertiesParser lambda$warnWhenCucumberOptionsIsUsed$2
WARNING: Passing commandline options via the property 'cucumber.options' is no longer supported. Please use individual properties instead. See the java doc on io.cucumber.core.options.Constants for details.
]]></system-err>
  </testcase>
  <testcase name="Navegar entre elementos en el modal" classname="Mostrar Galeria de Productos" time="9.198">
    <system-out><![CDATA[
Scenario: Navegar entre elementos en el modal              &amp#27;[90m# src/test/resources/features/GaleriaPP.feature:11&amp#27;[0m
  &amp#27;[32mGiven &amp#27;[0m&amp#27;[32mQuiero verificar la galeria de procesos&amp#27;[0m            &amp#27;[90m# ec.edu.espe.granjapiscicola.GaleriaPPStepDefinition.quiero_verificar_la_galeria_de_procesos()&amp#27;[0m
  &amp#27;[32mWhen &amp#27;[0m&amp#27;[32mSelecciono una imagen o video de la galeria&amp#27;[0m         &amp#27;[90m# ec.edu.espe.granjapiscicola.GaleriaPPStepDefinition.selecciono_una_imagen_o_video_de_la_galeria()&amp#27;[0m
  &amp#27;[32mThen &amp#27;[0m&amp#27;[32mDeberÃ­a poder navegar entre los elementos del modal&amp#27;[0m &amp#27;[90m# ec.edu.espe.granjapiscicola.GaleriaPPStepDefinition.deberia_poder_navegar_entre_los_elementos_del_modal()&amp#27;[0m
]]></system-out>
  </testcase>
  <testcase name="Validar que se ingrese correctamente a la pagina web #1" classname="Mostrar Información General" time="3.607">
    <failure message="Pagina no válida." type="java.lang.AssertionError"><![CDATA[java.lang.AssertionError: Pagina no válida.
]]></failure>
    <system-out><![CDATA[
Scenario: Validar que se ingrese correctamente a la pagina web                         &amp#27;[90m# src/test/resources/features/InformacionGeneral.feature:13&amp#27;[0m
  &amp#27;[32mGiven &amp#27;[0m&amp#27;[32mQuiero visualizar informacion&amp#27;[0m                                                  &amp#27;[90m# ec.edu.espe.granjapiscicola.InformacionGeneralStepDefinition.quiero_visualizar_informacion()&amp#27;[0m
  &amp#27;[32mWhen &amp#27;[0m&amp#27;[32mIngreso a la pagina web &amp#27;[0m&amp#27;[32m&amp#27;[1m"https://youtube.com/"&amp#27;[0m&amp#27;[32m visualizo la informacion inicial&amp#27;[0m &amp#27;[90m# ec.edu.espe.granjapiscicola.InformacionGeneralStepDefinition.ingreso_a_la_pagina_web_visualizo_la_informacion_inicial(java.lang.String)&amp#27;[0m
  &amp#27;[31mThen &amp#27;[0m&amp#27;[31mSe debe validar que se ingrese correctamente a la pagina web&amp#27;[0m                    &amp#27;[90m# ec.edu.espe.granjapiscicola.InformacionGeneralStepDefinition.se_debe_validar_que_se_ingrese_correctamente_a_la_pagina_web()&amp#27;[0m
      &amp#27;[31mjava.lang.AssertionError: Pagina no vÃ¡lida.
	at org.junit.Assert.fail(Assert.java:88)
	at ec.edu.espe.granjapiscicola.InformacionGeneralStepDefinition.se_debe_validar_que_se_ingrese_correctamente_a_la_pagina_web(InformacionGeneralStepDefinition.java:52)
	at âœ½.Se debe validar que se ingrese correctamente a la pagina web(file:///C:/Users/noobp/OneDrive/Escritorio/Proyecto1/14569_G4_IRSW/Documentacion1/13_GranjaPiscicolaTest/src/test/resources/features/InformacionGeneral.feature:9)
&amp#27;[0m
]]></system-out>
  </testcase>
  <testcase name="Validar que se ingrese correctamente a la pagina web #2" classname="Mostrar Información General" time="3.679">
    <system-out><![CDATA[
Scenario: Validar que se ingrese correctamente a la pagina web                                                                                                       &amp#27;[90m# src/test/resources/features/InformacionGeneral.feature:22&amp#27;[0m
  &amp#27;[32mGiven &amp#27;[0m&amp#27;[32mQuiero visualizar informacion&amp#27;[0m                                                                                                                                &amp#27;[90m# ec.edu.espe.granjapiscicola.InformacionGeneralStepDefinition.quiero_visualizar_informacion()&amp#27;[0m
  &amp#27;[32mWhen &amp#27;[0m&amp#27;[32mIngreso a la pagina web &amp#27;[0m&amp#27;[32m&amp#27;[1m"file:///C:/Users/noobp/OneDrive/Escritorio/Desktop/Requisitos%20(1)/Requisitos/Pagina_Inicial.html"&amp#27;[0m&amp#27;[32m visualizo la informacion inicial&amp#27;[0m &amp#27;[90m# ec.edu.espe.granjapiscicola.InformacionGeneralStepDefinition.ingreso_a_la_pagina_web_visualizo_la_informacion_inicial(java.lang.String)&amp#27;[0m
  &amp#27;[32mThen &amp#27;[0m&amp#27;[32mSe debe validar que se ingrese correctamente a la pagina web&amp#27;[0m                                                                                                  &amp#27;[90m# ec.edu.espe.granjapiscicola.InformacionGeneralStepDefinition.se_debe_validar_que_se_ingrese_correctamente_a_la_pagina_web()&amp#27;[0m
]]></system-out>
  </testcase>
  <testcase name="Validar que se pueda ingresar datos como nombre, correo electronico y comentarios" classname="Comunicarse con el vendedor" time="4.365">
    <failure message="Nombre no válido." type="java.lang.AssertionError"><![CDATA[java.lang.AssertionError: Nombre no válido.
]]></failure>
    <system-out><![CDATA[
Scenario: Validar que se pueda ingresar datos como nombre, correo electronico y comentarios                     &amp#27;[90m# src/test/resources/features/Login.feature:13&amp#27;[0m
  &amp#27;[32mGiven &amp#27;[0m&amp#27;[32mQuiero comunicarme con el vendedor&amp#27;[0m                                                                      &amp#27;[90m# ec.edu.espe.granjapiscicola.LoginStepDefinition.quiero_comunicarme_con_el_vendedor()&amp#27;[0m
  &amp#27;[32mWhen &amp#27;[0m&amp#27;[32mIngreso el nombre &amp#27;[0m&amp#27;[32m&amp#27;[1m"Fernando Tipan843"&amp#27;[0m&amp#27;[32m el correo &amp#27;[0m&amp#27;[32m&amp#27;[1m"frtipan1@gmail.com"&amp#27;[0m&amp#27;[32m y el comentario &amp#27;[0m&amp#27;[32m&amp#27;[1m"Deseo informaciÃ³n"&amp#27;[0m &amp#27;[90m# ec.edu.espe.granjapiscicola.LoginStepDefinition.ingreso_el_nombre_el_correo_y_el_comentario(java.lang.String,java.lang.String,java.lang.String)&amp#27;[0m
  &amp#27;[31mThen &amp#27;[0m&amp#27;[31mSe debe validar que el correcto y el nombre sean correctos&amp#27;[0m                                               &amp#27;[90m# ec.edu.espe.granjapiscicola.LoginStepDefinition.se_debe_validar_que_el_correcto_y_el_nombre_sean_correctos()&amp#27;[0m
      &amp#27;[31mjava.lang.AssertionError: Nombre no vÃ¡lido.
	at org.junit.Assert.fail(Assert.java:88)
	at ec.edu.espe.granjapiscicola.LoginStepDefinition.se_debe_validar_que_el_correcto_y_el_nombre_sean_correctos(LoginStepDefinition.java:70)
	at âœ½.Se debe validar que el correcto y el nombre sean correctos(file:///C:/Users/noobp/OneDrive/Escritorio/Proyecto1/14569_G4_IRSW/Documentacion1/13_GranjaPiscicolaTest/src/test/resources/features/Login.feature:9)
&amp#27;[0m
]]></system-out>
  </testcase>
  <testcase name="Validar que se pueda ingresar datos como correo electronico y comentarios" classname="Comunicarse con el vendedor" time="8.577">
    <system-out><![CDATA[
Scenario: Validar que se pueda ingresar datos como correo electronico y comentarios                               &amp#27;[90m# src/test/resources/features/Login.feature:22&amp#27;[0m
  &amp#27;[32mGiven &amp#27;[0m&amp#27;[32mQuiero comunicarme con el vendedor&amp#27;[0m                                                                        &amp#27;[90m# ec.edu.espe.granjapiscicola.LoginStepDefinition.quiero_comunicarme_con_el_vendedor()&amp#27;[0m
  &amp#27;[32mWhen &amp#27;[0m&amp#27;[32mIngreso el nombre &amp#27;[0m&amp#27;[32m&amp#27;[1m"Jonathan Garcia"&amp#27;[0m&amp#27;[32m el correo &amp#27;[0m&amp#27;[32m&amp#27;[1m"jdgarcia15@hotmail.com"&amp#27;[0m&amp#27;[32m y el comentario &amp#27;[0m&amp#27;[32m&amp#27;[1m"Deseo informaciÃ³n"&amp#27;[0m &amp#27;[90m# ec.edu.espe.granjapiscicola.LoginStepDefinition.ingreso_el_nombre_el_correo_y_el_comentario(java.lang.String,java.lang.String,java.lang.String)&amp#27;[0m
  &amp#27;[32mThen &amp#27;[0m&amp#27;[32mSe debe validar que el correcto y el nombre sean correctos&amp#27;[0m                                                 &amp#27;[90m# ec.edu.espe.granjapiscicola.LoginStepDefinition.se_debe_validar_que_el_correcto_y_el_nombre_sean_correctos()&amp#27;[0m
]]></system-out>
  </testcase>
</testsuite>